<?xml version="1.0" encoding="UTF-8"?>
<!-- Generated by org.testng.reporters.JUnitReportReporter -->
<testsuite hostname="Subash" name="test.QuickDraftCreationTest" tests="1" failures="0" timestamp="22 Feb 2020 02:54:35 GMT" time="8.284" errors="0">
  <testcase name="validUsersShouldBeAbleToCreateQuickDraft" time="8.284" classname="test.QuickDraftCreationTest"/>
</testsuite> <!-- test.QuickDraftCreationTest -->
