<?xml version="1.0" encoding="UTF-8"?>
<!-- Generated by org.testng.reporters.JUnitReportReporter -->
<testsuite hostname="Subash" name="test.PostsTest" tests="1" failures="0" timestamp="22 Feb 2020 02:51:56 GMT" time="21.138" errors="0">
  <testcase name="postsTest" time="21.138" classname="test.PostsTest"/>
</testsuite> <!-- test.PostsTest -->
