<?xml version="1.0" encoding="UTF-8"?>
<!-- Generated by org.testng.reporters.JUnitReportReporter -->
<testsuite hostname="Subash" name="test.DashboardTest" tests="1" failures="0" timestamp="22 Feb 2020 02:50:54 GMT" time="12.826" errors="0">
  <testcase name="validateDashboardLinkAndQuickDraftInput" time="12.826" classname="test.DashboardTest"/>
</testsuite> <!-- test.DashboardTest -->
