<?xml version="1.0" encoding="UTF-8"?>
<!-- Generated by org.testng.reporters.JUnitReportReporter -->
<testsuite hostname="Subash" name="test.LoginTest" tests="1" failures="0" timestamp="22 Feb 2020 02:48:55 GMT" time="11.054" errors="0">
  <testcase name="validUsersShouldBeAbleToLogin" time="11.054" classname="test.LoginTest"/>
</testsuite> <!-- test.LoginTest -->
