<?xml version="1.0" encoding="UTF-8"?>
<!-- Generated by org.testng.reporters.JUnitReportReporter -->
<testsuite hostname="Subash" name="test.PostsValidationTest" tests="1" failures="0" timestamp="22 Feb 2020 03:52:14 GMT" time="14.883" errors="0">
  <testcase name="postsValidationTest" time="14.883" classname="test.PostsValidationTest"/>
</testsuite> <!-- test.PostsValidationTest -->
